<?xml version="1.0" encoding="UTF-8"?>
<!-- Generated by org.testng.reporters.JUnitReportReporter -->
<testsuite skipped="0" hostname="DESKTOP-SJHHKK3" name="edu.co.First1" tests="1" failures="0" timestamp="2023-03-12T07:26:25 IST" time="14.351" errors="0">
  <testcase name="f" time="14.351" classname="edu.co.First1"/>
</testsuite> <!-- edu.co.First1 -->
